{
  "timestamp": "2025-04-18T23:55:33.486Z",
  "requestBody": {
    "amount": 1140000,
    "orderCode": "iexj6p4931",
    "description": "خرید آلبوم",
    "callback_url": "https://ak47album.com/verify/zarinpal",
    "name": "abbasslp",
    "email": "aspersiangolf@gmail.com",
    "instagram_id": "slpabbas"
  },
  "environment": {
    "ZARINPAL_MERCHANT_ID": "73f04bd6-b272-419c-bc34-f5067ba1bc23",
    "NEXT_PUBLIC_SITE_URL": "https://ak47album.com"
  },
  "requestUrl": "https://sandbox.zarinpal.com/pg/v4/payment/request.json",
  "callbackUrl": "https://ak47album.com/api/payments/zarinpal/callback"
}

{
  "timestamp": "2025-04-18T23:56:37.365Z",
  "requestBody": {
    "amount": 1140000,
    "orderCode": "zw72ldhi53r",
    "description": "خرید آلبوم",
    "callback_url": "https://ak47album.com/verify/zarinpal",
    "name": "abbasslp",
    "email": "aspersiangolf@gmail.com",
    "instagram_id": "slpabbas"
  },
  "environment": {
    "ZARINPAL_MERCHANT_ID": "73f04bd6-b272-419c-bc34-f5067ba1bc23",
    "NEXT_PUBLIC_SITE_URL": "https://ak47album.com"
  },
  "requestUrl": "https://api.zarinpal.com/pg/v4/payment/request.json",
  "callbackUrl": "https://ak47album.com/api/payments/zarinpal/callback"
}

{
  "timestamp": "2025-04-18T23:57:43.685Z",
  "requestBody": {
    "amount": 1140000,
    "orderCode": "bvef083tpst",
    "description": "خرید آلبوم",
    "callback_url": "https://ak47album.com/verify/zarinpal",
    "name": "abbasslp",
    "email": "aspersiangolf@gmail.com",
    "instagram_id": "slpabbas"
  },
  "environment": {
    "ZARINPAL_MERCHANT_ID": "73f04bd6-b272-419c-bc34-f5067ba1bc23",
    "NEXT_PUBLIC_SITE_URL": "https://ak47album.com"
  },
  "requestUrl": "https://api.zarinpal.com/pg/v4/payment/request.json",
  "callbackUrl": "https://ak47album.com/api/payments/zarinpal/callback"
}

{
  "timestamp": "2025-04-19T00:07:56.964Z",
  "requestBody": {
    "amount": 1140000,
    "orderCode": "1y9i122ocnf",
    "description": "خرید آلبوم",
    "callback_url": "https://ak47album.com/verify/zarinpal?orderCode=1y9i122ocnf",
    "name": "abbasslp",
    "email": "aspersiangolf@gmail.com",
    "instagram_id": "slpabbas"
  },
  "environment": {
    "ZARINPAL_MERCHANT_ID": "73f04bd6-b272-419c-bc34-f5067ba1bc23",
    "NEXT_PUBLIC_SITE_URL": "https://ak47album.com"
  },
  "requestUrl": "https://api.zarinpal.com/pg/v4/payment/request.json",
  "callbackUrl": "https://ak47album.com/api/payments/zarinpal/callback"
}

{
  "timestamp": "2025-04-19T00:09:14.518Z",
  "requestBody": {
    "amount": 1140000,
    "orderCode": "knnojr2jun",
    "description": "خرید آلبوم",
    "callback_url": "https://ak47album.com/verify/zarinpal?orderCode=knnojr2jun",
    "name": "abbasslp",
    "email": "aspersiangolf@gmail.com",
    "instagram_id": "slpabbas"
  },
  "environment": {
    "ZARINPAL_MERCHANT_ID": "73f04bd6-b272-419c-bc34-f5067ba1bc23",
    "NEXT_PUBLIC_SITE_URL": "https://ak47album.com"
  },
  "requestUrl": "https://api.zarinpal.com/pg/v4/payment/request.json",
  "callbackUrl": "https://ak47album.com/api/payments/zarinpal/callback"
}

{
  "timestamp": "2025-04-19T00:13:08.659Z",
  "requestBody": {
    "amount": 1140000,
    "orderCode": "test123",
    "description": "تست پرداخت",
    "name": "تست",
    "email": "test@example.com",
    "instagram_id": "test"
  },
  "environment": {
    "ZARINPAL_MERCHANT_ID": "73f04bd6-b272-419c-bc34-f5067ba1bc23",
    "NEXT_PUBLIC_SITE_URL": "https://ak47album.com"
  },
  "requestUrl": "https://api.zarinpal.com/pg/v4/payment/request.json",
  "callbackUrl": "https://ak47album.com/api/payments/zarinpal/callback"
}

{
  "timestamp": "2025-04-19T00:26:43.055Z",
  "requestBody": {
    "amount": 1140000,
    "orderCode": "xnr3vbsrwi",
    "description": "خرید آلبوم",
    "callback_url": "https://ak47album.com/verify/zarinpal?orderCode=xnr3vbsrwi",
    "name": "abbasslp",
    "email": "aspersiangolf@gmail.com",
    "instagram_id": "slpabbas"
  },
  "environment": {
    "ZARINPAL_MERCHANT_ID": "73f04bd6-b272-419c-bc34-f5067ba1bc23",
    "NEXT_PUBLIC_SITE_URL": "https://ak47album.com"
  },
  "requestUrl": "https://api.zarinpal.com/pg/v4/payment/request.json",
  "callbackUrl": "https://ak47album.com/api/payments/zarinpal/callback"
}

{
  "timestamp": "2025-04-19T00:32:05.931Z",
  "requestBody": {
    "amount": 1140000,
    "orderCode": "8rft593as1h",
    "description": "خرید آلبوم",
    "callback_url": "https://ak47album.com/verify/zarinpal?orderCode=8rft593as1h",
    "name": "abbasslp",
    "email": "aspersiangolf@gmail.com",
    "instagram_id": "slpabbas"
  },
  "environment": {
    "ZARINPAL_MERCHANT_ID": "73f04bd6-b272-419c-bc34-f5067ba1bc23",
    "NEXT_PUBLIC_SITE_URL": "https://ak47album.com"
  },
  "requestUrl": "https://api.zarinpal.com/pg/v4/payment/request.json",
  "callbackUrl": "https://ak47album.com/api/payments/zarinpal/callback"
}

{
  "timestamp": "2025-04-19T01:30:07.120Z",
  "requestBody": {
    "amount": 1140000,
    "orderCode": "v1a740cnbx",
    "description": "خرید آلبوم",
    "callback_url": "https://ak47album.com/verify/zarinpal?orderCode=v1a740cnbx",
    "name": "abbasslp",
    "email": "aspersiangolf@gmail.com",
    "instagram_id": "slpabbas"
  },
  "environment": {
    "ZARINPAL_MERCHANT_ID": "73f04bd6-b272-419c-bc34-f5067ba1bc23",
    "NEXT_PUBLIC_SITE_URL": "https://ak47album.com"
  },
  "requestUrl": "https://api.zarinpal.com/pg/v4/payment/request.json",
  "callbackUrl": "https://ak47album.com/api/payments/zarinpal/callback"
}

